<?xml version="1.0" encoding="UTF-8"?>
<testsuite xmlns:xsi="http://www.w3.org/2001/XMLSchema-instance" xsi:noNamespaceSchemaLocation="https://maven.apache.org/surefire/maven-surefire-plugin/xsd/surefire-test-report-3.0.xsd" version="3.0" name="ua.edu.ucu.apps.FlowerStoreApplicationTests" time="2.727" tests="1" errors="0" skipped="0" failures="0">
  <properties>
[...]
</properties>
  <testcase name="contextLoads" classname="ua.edu.ucu.apps.FlowerStoreApplicationTests" time="0.312">
    <system-out><![CDATA[
  .   ____          _            __ _ _
 /\\ / ___'_ __ _ _(_)_ __  __ _ \ \ \ \
( ( )\___ | '_ | '_| | '_ \/ _` | \ \ \ \
 \\/  ___)| |_)| | | | | || (_| |  ) ) ) )
  '  |____| .__|_| |_|_| |_\__, | / / / /
 =========|_|==============|___/=/_/_/_/
 :: Spring Boot ::                (v3.1.4)

2023-11-03T22:18:35.142+02:00  INFO 70429 --- [           main] u.e.u.apps.FlowerStoreApplicationTests   : Starting FlowerStoreApplicationTests using Java 17.0.8.1 with PID 70429 (started by oigenoum in /home/oigenoum/Desktop/Flower_Store_Java)
2023-11-03T22:18:35.144+02:00  INFO 70429 --- [           main] u.e.u.apps.FlowerStoreApplicationTests   : No active profile set, falling back to 1 default profile: "default"
2023-11-03T22:18:35.561+02:00  INFO 70429 --- [           main] .s.d.r.c.RepositoryConfigurationDelegate : Bootstrapping Spring Data JPA repositories in DEFAULT mode.
2023-11-03T22:18:35.600+02:00  INFO 70429 --- [           main] .s.d.r.c.RepositoryConfigurationDelegate : Finished Spring Data repository scanning in 35 ms. Found 1 JPA repository interfaces.
2023-11-03T22:18:35.828+02:00  INFO 70429 --- [           main] o.hibernate.jpa.internal.util.LogHelper  : HHH000204: Processing PersistenceUnitInfo [name: default]
2023-11-03T22:18:35.855+02:00  INFO 70429 --- [           main] org.hibernate.Version                    : HHH000412: Hibernate ORM core version 6.2.9.Final
2023-11-03T22:18:35.857+02:00  INFO 70429 --- [           main] org.hibernate.cfg.Environment            : HHH000406: Using bytecode reflection optimizer
2023-11-03T22:18:35.944+02:00  INFO 70429 --- [           main] o.h.b.i.BytecodeProviderInitiator        : HHH000021: Bytecode provider name : bytebuddy
2023-11-03T22:18:36.013+02:00  INFO 70429 --- [           main] o.s.o.j.p.SpringPersistenceUnitInfo      : No LoadTimeWeaver setup: ignoring JPA class transformer
2023-11-03T22:18:36.025+02:00  INFO 70429 --- [           main] com.zaxxer.hikari.HikariDataSource       : HikariPool-1 - Starting...
2023-11-03T22:18:36.094+02:00  INFO 70429 --- [           main] com.zaxxer.hikari.pool.HikariPool        : HikariPool-1 - Added connection org.postgresql.jdbc.PgConnection@7ead1d80
2023-11-03T22:18:36.095+02:00  INFO 70429 --- [           main] com.zaxxer.hikari.HikariDataSource       : HikariPool-1 - Start completed.
2023-11-03T22:18:36.229+02:00  INFO 70429 --- [           main] o.h.b.i.BytecodeProviderInitiator        : HHH000021: Bytecode provider name : bytebuddy
2023-11-03T22:18:36.586+02:00  INFO 70429 --- [           main] o.h.e.t.j.p.i.JtaPlatformInitiator       : HHH000490: Using JtaPlatform implementation: [org.hibernate.engine.transaction.jta.platform.internal.NoJtaPlatform]
Hibernate: 
    drop table if exists flower cascade
2023-11-03T22:18:36.597+02:00  WARN 70429 --- [           main] o.h.engine.jdbc.spi.SqlExceptionHelper   : SQL Warning Code: 0, SQLState: 00000
2023-11-03T22:18:36.597+02:00  WARN 70429 --- [           main] o.h.engine.jdbc.spi.SqlExceptionHelper   : table "flower" does not exist, skipping
Hibernate: 
    drop sequence if exists flowers_sequence
2023-11-03T22:18:36.598+02:00  WARN 70429 --- [           main] o.h.engine.jdbc.spi.SqlExceptionHelper   : SQL Warning Code: 0, SQLState: 00000
2023-11-03T22:18:36.598+02:00  WARN 70429 --- [           main] o.h.engine.jdbc.spi.SqlExceptionHelper   : sequence "flowers_sequence" does not exist, skipping
Hibernate: 
    create sequence flowers_sequence start with 1 increment by 1
Hibernate: 
    create table flower (
        flower_type smallint check (flower_type between 0 and 3),
        price float(53) not null,
        sepal_length float(53) not null,
        id bigint not null,
        color varchar(255),
        primary key (id)
    )
2023-11-03T22:18:36.611+02:00  INFO 70429 --- [           main] j.LocalContainerEntityManagerFactoryBean : Initialized JPA EntityManagerFactory for persistence unit 'default'
2023-11-03T22:18:36.747+02:00  INFO 70429 --- [           main] o.s.d.j.r.query.QueryEnhancerFactory     : Hibernate is in classpath; If applicable, HQL parser will be used.
2023-11-03T22:18:36.992+02:00  WARN 70429 --- [           main] JpaBaseConfiguration$JpaWebConfiguration : spring.jpa.open-in-view is enabled by default. Therefore, database queries may be performed during view rendering. Explicitly configure spring.jpa.open-in-view to disable this warning
2023-11-03T22:18:37.199+02:00  INFO 70429 --- [           main] u.e.u.apps.FlowerStoreApplicationTests   : Started FlowerStoreApplicationTests in 2.204 seconds (process running for 2.624)
Hibernate: 
    select
        nextval('flowers_sequence')
Hibernate: 
    select
        nextval('flowers_sequence')
Hibernate: 
    select
        nextval('flowers_sequence')
Hibernate: 
    insert 
    into
        flower
        (color,flower_type,price,sepal_length,id) 
    values
        (?,?,?,?,?)
Hibernate: 
    insert 
    into
        flower
        (color,flower_type,price,sepal_length,id) 
    values
        (?,?,?,?,?)
Hibernate: 
    insert 
    into
        flower
        (color,flower_type,price,sepal_length,id) 
    values
        (?,?,?,?,?)
]]></system-out>
  </testcase>
</testsuite>